<?xml version="1.0" encoding="UTF-8"?>
<!-- Generated by org.testng.reporters.JUnitXMLReporter -->
<testsuite hostname="Ass-pussyPC" failures="0" tests="12" name="Command line test" time="0.065" errors="0" timestamp="24 Nov 2019 08:35:31 GMT">
  <testcase classname="primitieves.MyCircleNGTest" name="testCalcSquare" time="0.005"/>
  <testcase classname="primitieves.MyCircleNGTest" name="testGetCenter" time="0.0"/>
  <testcase classname="primitieves.MyCircleNGTest" name="testGetRadius" time="0.0"/>
  <testcase classname="primitieves.MyCircleNGTest" name="testIsInclude" time="0.0"/>
  <testcase classname="primitieves.MyCircleNGTest" name="testIsIncludeBorder" time="0.0"/>
  <testcase classname="primitieves.MyCircleNGTest" name="testIsIncludeCenter" time="0.0"/>
  <testcase classname="primitieves.MyCircleNGTest" name="testIsIncludeNoDot" time="0.0"/>
  <testcase classname="primitieves.MyCircleNGTest" name="testMoveObjComp" time="0.0"/>
  <testcase classname="primitieves.MyCircleNGTest" name="testMoveObjNeg" time="0.0"/>
  <testcase classname="primitieves.MyCircleNGTest" name="testMoveObjPos" time="0.0"/>
  <testcase classname="primitieves.MyCircleNGTest" name="testMoveObjZero" time="0.0"/>
  <testcase classname="primitieves.MyCircleNGTest" name="testRectangle" time="0.005"/>
</testsuite> <!-- Command line test -->
