<?xml version="1.0" encoding="UTF-8"?>
<testng-results total="12" passed="12" failed="0" skipped="0">
  <reporter-output>
  </reporter-output>
  <suite started-at="2019-11-24T08:35:31Z" name="primitieves.MyCircleNGTest" finished-at="2019-11-24T08:35:31Z" duration-ms="65">
    <groups>
    </groups>
    <test started-at="2019-11-24T08:35:31Z" name="Command line test" finished-at="2019-11-24T08:35:31Z" duration-ms="65">
      <class name="primitieves.MyCircleNGTest">
        <test-method is-config="true" signature="setUpClass()[pri:0, instance:primitieves.MyCircleNGTest@45018215]" started-at="2019-11-24T12:35:31Z" name="setUpClass" finished-at="2019-11-24T12:35:31Z" duration-ms="15" status="PASS">
          <reporter-output>
          </reporter-output>
        </test-method> <!-- setUpClass -->
        <test-method signature="testCalcSquare()[pri:0, instance:primitieves.MyCircleNGTest@45018215]" started-at="2019-11-24T12:35:31Z" name="testCalcSquare" finished-at="2019-11-24T12:35:31Z" duration-ms="5" status="PASS">
          <reporter-output>
          </reporter-output>
        </test-method> <!-- testCalcSquare -->
        <test-method is-config="true" signature="setUpMethod()[pri:0, instance:primitieves.MyCircleNGTest@45018215]" started-at="2019-11-24T12:35:31Z" name="setUpMethod" finished-at="2019-11-24T12:35:31Z" duration-ms="0" status="PASS">
          <reporter-output>
          </reporter-output>
        </test-method> <!-- setUpMethod -->
        <test-method is-config="true" signature="setUpMethod()[pri:0, instance:primitieves.MyCircleNGTest@45018215]" started-at="2019-11-24T12:35:31Z" name="setUpMethod" finished-at="2019-11-24T12:35:31Z" duration-ms="0" status="PASS">
          <reporter-output>
          </reporter-output>
        </test-method> <!-- setUpMethod -->
        <test-method is-config="true" signature="tearDownMethod()[pri:0, instance:primitieves.MyCircleNGTest@45018215]" started-at="2019-11-24T12:35:31Z" name="tearDownMethod" finished-at="2019-11-24T12:35:31Z" duration-ms="0" status="PASS">
          <reporter-output>
          </reporter-output>
        </test-method> <!-- tearDownMethod -->
        <test-method signature="testIsInclude()[pri:0, instance:primitieves.MyCircleNGTest@45018215]" started-at="2019-11-24T12:35:31Z" name="testIsInclude" finished-at="2019-11-24T12:35:31Z" duration-ms="0" status="PASS">
          <reporter-output>
          </reporter-output>
        </test-method> <!-- testIsInclude -->
        <test-method is-config="true" signature="tearDownMethod()[pri:0, instance:primitieves.MyCircleNGTest@45018215]" started-at="2019-11-24T12:35:31Z" name="tearDownMethod" finished-at="2019-11-24T12:35:31Z" duration-ms="0" status="PASS">
          <reporter-output>
          </reporter-output>
        </test-method> <!-- tearDownMethod -->
        <test-method is-config="true" signature="tearDownMethod()[pri:0, instance:primitieves.MyCircleNGTest@45018215]" started-at="2019-11-24T12:35:31Z" name="tearDownMethod" finished-at="2019-11-24T12:35:31Z" duration-ms="0" status="PASS">
          <reporter-output>
          </reporter-output>
        </test-method> <!-- tearDownMethod -->
        <test-method is-config="true" signature="setUpMethod()[pri:0, instance:primitieves.MyCircleNGTest@45018215]" started-at="2019-11-24T12:35:31Z" name="setUpMethod" finished-at="2019-11-24T12:35:31Z" duration-ms="0" status="PASS">
          <reporter-output>
          </reporter-output>
        </test-method> <!-- setUpMethod -->
        <test-method is-config="true" signature="setUpMethod()[pri:0, instance:primitieves.MyCircleNGTest@45018215]" started-at="2019-11-24T12:35:31Z" name="setUpMethod" finished-at="2019-11-24T12:35:31Z" duration-ms="0" status="PASS">
          <reporter-output>
          </reporter-output>
        </test-method> <!-- setUpMethod -->
        <test-method signature="testGetRadius()[pri:0, instance:primitieves.MyCircleNGTest@45018215]" started-at="2019-11-24T12:35:31Z" name="testGetRadius" finished-at="2019-11-24T12:35:31Z" duration-ms="0" status="PASS">
          <reporter-output>
          </reporter-output>
        </test-method> <!-- testGetRadius -->
        <test-method signature="testGetCenter()[pri:0, instance:primitieves.MyCircleNGTest@45018215]" started-at="2019-11-24T12:35:31Z" name="testGetCenter" finished-at="2019-11-24T12:35:31Z" duration-ms="0" status="PASS">
          <reporter-output>
          </reporter-output>
        </test-method> <!-- testGetCenter -->
        <test-method is-config="true" signature="tearDownMethod()[pri:0, instance:primitieves.MyCircleNGTest@45018215]" started-at="2019-11-24T12:35:31Z" name="tearDownMethod" finished-at="2019-11-24T12:35:31Z" duration-ms="0" status="PASS">
          <reporter-output>
          </reporter-output>
        </test-method> <!-- tearDownMethod -->
        <test-method signature="testIsIncludeCenter()[pri:0, instance:primitieves.MyCircleNGTest@45018215]" started-at="2019-11-24T12:35:31Z" name="testIsIncludeCenter" finished-at="2019-11-24T12:35:31Z" duration-ms="0" status="PASS">
          <reporter-output>
          </reporter-output>
        </test-method> <!-- testIsIncludeCenter -->
        <test-method signature="testMoveObjComp()[pri:0, instance:primitieves.MyCircleNGTest@45018215]" started-at="2019-11-24T12:35:31Z" name="testMoveObjComp" finished-at="2019-11-24T12:35:31Z" duration-ms="0" status="PASS">
          <reporter-output>
          </reporter-output>
        </test-method> <!-- testMoveObjComp -->
        <test-method is-config="true" signature="setUpMethod()[pri:0, instance:primitieves.MyCircleNGTest@45018215]" started-at="2019-11-24T12:35:31Z" name="setUpMethod" finished-at="2019-11-24T12:35:31Z" duration-ms="0" status="PASS">
          <reporter-output>
          </reporter-output>
        </test-method> <!-- setUpMethod -->
        <test-method is-config="true" signature="tearDownMethod()[pri:0, instance:primitieves.MyCircleNGTest@45018215]" started-at="2019-11-24T12:35:31Z" name="tearDownMethod" finished-at="2019-11-24T12:35:31Z" duration-ms="0" status="PASS">
          <reporter-output>
          </reporter-output>
        </test-method> <!-- tearDownMethod -->
        <test-method is-config="true" signature="setUpMethod()[pri:0, instance:primitieves.MyCircleNGTest@45018215]" started-at="2019-11-24T12:35:31Z" name="setUpMethod" finished-at="2019-11-24T12:35:31Z" duration-ms="10" status="PASS">
          <reporter-output>
          </reporter-output>
        </test-method> <!-- setUpMethod -->
        <test-method signature="testIsIncludeNoDot()[pri:0, instance:primitieves.MyCircleNGTest@45018215]" started-at="2019-11-24T12:35:31Z" name="testIsIncludeNoDot" finished-at="2019-11-24T12:35:31Z" duration-ms="0" status="PASS">
          <reporter-output>
          </reporter-output>
        </test-method> <!-- testIsIncludeNoDot -->
        <test-method is-config="true" signature="tearDownMethod()[pri:0, instance:primitieves.MyCircleNGTest@45018215]" started-at="2019-11-24T12:35:31Z" name="tearDownMethod" finished-at="2019-11-24T12:35:31Z" duration-ms="0" status="PASS">
          <reporter-output>
          </reporter-output>
        </test-method> <!-- tearDownMethod -->
        <test-method is-config="true" signature="tearDownMethod()[pri:0, instance:primitieves.MyCircleNGTest@45018215]" started-at="2019-11-24T12:35:31Z" name="tearDownMethod" finished-at="2019-11-24T12:35:31Z" duration-ms="0" status="PASS">
          <reporter-output>
          </reporter-output>
        </test-method> <!-- tearDownMethod -->
        <test-method is-config="true" signature="setUpMethod()[pri:0, instance:primitieves.MyCircleNGTest@45018215]" started-at="2019-11-24T12:35:31Z" name="setUpMethod" finished-at="2019-11-24T12:35:31Z" duration-ms="0" status="PASS">
          <reporter-output>
          </reporter-output>
        </test-method> <!-- setUpMethod -->
        <test-method is-config="true" signature="setUpMethod()[pri:0, instance:primitieves.MyCircleNGTest@45018215]" started-at="2019-11-24T12:35:31Z" name="setUpMethod" finished-at="2019-11-24T12:35:31Z" duration-ms="0" status="PASS">
          <reporter-output>
          </reporter-output>
        </test-method> <!-- setUpMethod -->
        <test-method is-config="true" signature="setUpMethod()[pri:0, instance:primitieves.MyCircleNGTest@45018215]" started-at="2019-11-24T12:35:31Z" name="setUpMethod" finished-at="2019-11-24T12:35:31Z" duration-ms="0" status="PASS">
          <reporter-output>
          </reporter-output>
        </test-method> <!-- setUpMethod -->
        <test-method signature="testIsIncludeBorder()[pri:0, instance:primitieves.MyCircleNGTest@45018215]" started-at="2019-11-24T12:35:31Z" name="testIsIncludeBorder" finished-at="2019-11-24T12:35:31Z" duration-ms="0" status="PASS">
          <reporter-output>
          </reporter-output>
        </test-method> <!-- testIsIncludeBorder -->
        <test-method is-config="true" signature="tearDownMethod()[pri:0, instance:primitieves.MyCircleNGTest@45018215]" started-at="2019-11-24T12:35:31Z" name="tearDownMethod" finished-at="2019-11-24T12:35:31Z" duration-ms="0" status="PASS">
          <reporter-output>
          </reporter-output>
        </test-method> <!-- tearDownMethod -->
        <test-method signature="testMoveObjPos()[pri:0, instance:primitieves.MyCircleNGTest@45018215]" started-at="2019-11-24T12:35:31Z" name="testMoveObjPos" finished-at="2019-11-24T12:35:31Z" duration-ms="0" status="PASS">
          <reporter-output>
          </reporter-output>
        </test-method> <!-- testMoveObjPos -->
        <test-method is-config="true" signature="tearDownMethod()[pri:0, instance:primitieves.MyCircleNGTest@45018215]" started-at="2019-11-24T12:35:31Z" name="tearDownMethod" finished-at="2019-11-24T12:35:31Z" duration-ms="5" status="PASS">
          <reporter-output>
          </reporter-output>
        </test-method> <!-- tearDownMethod -->
        <test-method is-config="true" signature="tearDownMethod()[pri:0, instance:primitieves.MyCircleNGTest@45018215]" started-at="2019-11-24T12:35:31Z" name="tearDownMethod" finished-at="2019-11-24T12:35:31Z" duration-ms="0" status="PASS">
          <reporter-output>
          </reporter-output>
        </test-method> <!-- tearDownMethod -->
        <test-method signature="testMoveObjNeg()[pri:0, instance:primitieves.MyCircleNGTest@45018215]" started-at="2019-11-24T12:35:31Z" name="testMoveObjNeg" finished-at="2019-11-24T12:35:31Z" duration-ms="0" status="PASS">
          <reporter-output>
          </reporter-output>
        </test-method> <!-- testMoveObjNeg -->
        <test-method is-config="true" signature="setUpMethod()[pri:0, instance:primitieves.MyCircleNGTest@45018215]" started-at="2019-11-24T12:35:31Z" name="setUpMethod" finished-at="2019-11-24T12:35:31Z" duration-ms="0" status="PASS">
          <reporter-output>
          </reporter-output>
        </test-method> <!-- setUpMethod -->
        <test-method is-config="true" signature="setUpMethod()[pri:0, instance:primitieves.MyCircleNGTest@45018215]" started-at="2019-11-24T12:35:31Z" name="setUpMethod" finished-at="2019-11-24T12:35:31Z" duration-ms="0" status="PASS">
          <reporter-output>
          </reporter-output>
        </test-method> <!-- setUpMethod -->
        <test-method is-config="true" signature="setUpMethod()[pri:0, instance:primitieves.MyCircleNGTest@45018215]" started-at="2019-11-24T12:35:31Z" name="setUpMethod" finished-at="2019-11-24T12:35:31Z" duration-ms="0" status="PASS">
          <reporter-output>
          </reporter-output>
        </test-method> <!-- setUpMethod -->
        <test-method signature="testRectangle()[pri:0, instance:primitieves.MyCircleNGTest@45018215]" started-at="2019-11-24T12:35:31Z" name="testRectangle" finished-at="2019-11-24T12:35:31Z" duration-ms="5" status="PASS">
          <reporter-output>
          </reporter-output>
        </test-method> <!-- testRectangle -->
        <test-method is-config="true" signature="tearDownMethod()[pri:0, instance:primitieves.MyCircleNGTest@45018215]" started-at="2019-11-24T12:35:31Z" name="tearDownMethod" finished-at="2019-11-24T12:35:31Z" duration-ms="0" status="PASS">
          <reporter-output>
          </reporter-output>
        </test-method> <!-- tearDownMethod -->
        <test-method signature="testMoveObjZero()[pri:0, instance:primitieves.MyCircleNGTest@45018215]" started-at="2019-11-24T12:35:31Z" name="testMoveObjZero" finished-at="2019-11-24T12:35:31Z" duration-ms="0" status="PASS">
          <reporter-output>
          </reporter-output>
        </test-method> <!-- testMoveObjZero -->
        <test-method is-config="true" signature="tearDownClass()[pri:0, instance:primitieves.MyCircleNGTest@45018215]" started-at="2019-11-24T12:35:31Z" name="tearDownClass" finished-at="2019-11-24T12:35:31Z" duration-ms="0" status="PASS">
          <reporter-output>
          </reporter-output>
        </test-method> <!-- tearDownClass -->
        <test-method is-config="true" signature="tearDownMethod()[pri:0, instance:primitieves.MyCircleNGTest@45018215]" started-at="2019-11-24T12:35:31Z" name="tearDownMethod" finished-at="2019-11-24T12:35:31Z" duration-ms="0" status="PASS">
          <reporter-output>
          </reporter-output>
        </test-method> <!-- tearDownMethod -->
      </class> <!-- primitieves.MyCircleNGTest -->
    </test> <!-- Command line test -->
  </suite> <!-- primitieves.MyCircleNGTest -->
</testng-results>
